<?xml version="1.0" encoding="utf-8"?><testsuites name="pytest tests"><testsuite name="pytest" errors="0" failures="0" skipped="0" tests="18" time="4.807" timestamp="2026-05-08T13:49:15.962860+00:00" hostname="agent-env-5be870de-b990-4970-91ce-b8aebbf2bbb6"><testcase classname="backend.tests.test_ecoculture_api" name="test_products_list" time="0.350" /><testcase classname="backend.tests.test_ecoculture_api" name="test_products_filter_category" time="0.048" /><testcase classname="backend.tests.test_ecoculture_api" name="test_products_filter_season" time="0.049" /><testcase classname="backend.tests.test_ecoculture_api" name="test_baskets_list" time="0.046" /><testcase classname="backend.tests.test_ecoculture_api" name="test_courses_list" time="0.062" /><testcase classname="backend.tests.test_ecoculture_api" name="test_register_login_me_logout" time="0.647" /><testcase classname="backend.tests.test_ecoculture_api" name="test_register_empresa" time="0.342" /><testcase classname="backend.tests.test_ecoculture_api" name="test_login_seed_user" time="0.528" /><testcase classname="backend.tests.test_ecoculture_api" name="test_login_invalid" time="0.393" /><testcase classname="backend.tests.test_ecoculture_api" name="test_enroll_course" time="0.335" /><testcase classname="backend.tests.test_ecoculture_api" name="test_enroll_requires_auth" time="0.285" /><testcase classname="backend.tests.test_ecoculture_api" name="test_quote_no_discount_anon" time="0.104" /><testcase classname="backend.tests.test_ecoculture_api" name="test_quote_volume_10_anon" time="0.120" /><testcase classname="backend.tests.test_ecoculture_api" name="test_quote_volume_20_anon" time="0.166" /><testcase classname="backend.tests.test_ecoculture_api" name="test_quote_loyalty_silver" time="0.066" /><testcase classname="backend.tests.test_ecoculture_api" name="test_quote_empresa_combined" time="0.421" /><testcase classname="backend.tests.test_ecoculture_api" name="test_checkout_creates_order" time="0.331" /><testcase classname="backend.tests.test_ecoculture_api" name="test_urban_garden_register_and_list_no_leak" time="0.267" /></testsuite></testsuites>